[2025-07-19T22:32:01.371+0000] {taskinstance.py:1956} INFO - Dependencies all met for dep_context=non-requeueable deps ti=<TaskInstance: build_ml_features.validate_features manual__2025-07-19T22:26:53.203727+00:00 [queued]>
[2025-07-19T22:32:01.374+0000] {taskinstance.py:1956} INFO - Dependencies all met for dep_context=requeueable deps ti=<TaskInstance: build_ml_features.validate_features manual__2025-07-19T22:26:53.203727+00:00 [queued]>
[2025-07-19T22:32:01.374+0000] {taskinstance.py:2170} INFO - Starting attempt 2 of 2
[2025-07-19T22:32:01.377+0000] {taskinstance.py:2191} INFO - Executing <Task(_PythonDecoratedOperator): validate_features> on 2025-07-19 22:26:53.203727+00:00
[2025-07-19T22:32:01.381+0000] {standard_task_runner.py:60} INFO - Started process 382 to run task
[2025-07-19T22:32:01.383+0000] {standard_task_runner.py:87} INFO - Running: ['***', 'tasks', 'run', 'build_ml_features', 'validate_features', 'manual__2025-07-19T22:26:53.203727+00:00', '--job-id', '190', '--raw', '--subdir', 'DAGS_FOLDER/build_ml_features_dag.py', '--cfg-path', '/tmp/tmp6hhf362p']
[2025-07-19T22:32:01.383+0000] {standard_task_runner.py:88} INFO - Job 190: Subtask validate_features
[2025-07-19T22:32:01.401+0000] {task_command.py:423} INFO - Running <TaskInstance: build_ml_features.validate_features manual__2025-07-19T22:26:53.203727+00:00 [running]> on host bc2a27ae9be1
[2025-07-19T22:32:01.429+0000] {taskinstance.py:2480} INFO - Exporting env vars: AIRFLOW_CTX_DAG_OWNER='data-platform' AIRFLOW_CTX_DAG_ID='build_ml_features' AIRFLOW_CTX_TASK_ID='validate_features' AIRFLOW_CTX_EXECUTION_DATE='2025-07-19T22:26:53.203727+00:00' AIRFLOW_CTX_TRY_NUMBER='2' AIRFLOW_CTX_DAG_RUN_ID='manual__2025-07-19T22:26:53.203727+00:00'
[2025-07-19T22:32:01.449+0000] {file_data_context.py:222} INFO - FileDataContext loading fluent config
[2025-07-19T22:32:01.450+0000] {config.py:187} INFO - Loading 'datasources' ->
[{'assets': [...], 'name': 'local_pandas', 'type': 'pandas'}]
[2025-07-19T22:32:01.451+0000] {fluent_base_model.py:276} INFO - _PandasDataAsset.dict() - missing `config_provider`, skipping config substitution
[2025-07-19T22:32:01.451+0000] {fluent_base_model.py:276} INFO - _PandasDataAsset.dict() - missing `config_provider`, skipping config substitution
[2025-07-19T22:32:01.463+0000] {abstract_data_context.py:5515} INFO - Loaded 'local_pandas' from fluent config
[2025-07-19T22:32:01.463+0000] {file_data_context.py:174} INFO - Saving 1 Fluent Datasources to /opt/***/gx/great_expectations.yml
[2025-07-19T22:32:01.464+0000] {fluent_base_model.py:276} INFO - DataFrameAsset.dict() - missing `config_provider`, skipping config substitution
[2025-07-19T22:32:01.464+0000] {fluent_base_model.py:276} INFO - DataFrameAsset.dict() - missing `config_provider`, skipping config substitution
[2025-07-19T22:32:01.464+0000] {fluent_base_model.py:276} INFO - PandasDatasource.dict() - missing `config_provider`, skipping config substitution
[2025-07-19T22:32:01.511+0000] {validator.py:1461} INFO - 	12 expectation(s) included in expectation_suite.
[2025-07-19T22:32:01.580+0000] {logging_mixin.py:188} WARNING - Calculating Metrics:   0%|          | 0/62 [00:00<?, ?it/s]
[2025-07-19T22:32:01.580+0000] {logging_mixin.py:188} WARNING - Calculating Metrics:   0%|          | 0/62 [00:00<?, ?it/s]
[2025-07-19T22:32:01.581+0000] {logging_mixin.py:188} WARNING - Calculating Metrics:   3%|3         | 2/62 [00:00<00:00, 2076.39it/s]
[2025-07-19T22:32:01.597+0000] {logging_mixin.py:188} WARNING - Calculating Metrics:   3%|3         | 2/62 [00:00<00:00, 120.34it/s] 
[2025-07-19T22:32:01.597+0000] {logging_mixin.py:188} WARNING - Calculating Metrics:   5%|4         | 3/62 [00:00<00:00, 176.53it/s]
[2025-07-19T22:32:01.613+0000] {logging_mixin.py:188} WARNING - Calculating Metrics:   5%|4         | 3/62 [00:00<00:00, 93.29it/s] 
[2025-07-19T22:32:01.618+0000] {logging_mixin.py:188} WARNING - Calculating Metrics:  26%|##5       | 16/62 [00:00<00:00, 426.72it/s]
[2025-07-19T22:32:01.630+0000] {logging_mixin.py:188} WARNING - Calculating Metrics:  26%|##5       | 16/62 [00:00<00:00, 324.74it/s]
[2025-07-19T22:32:01.641+0000] {logging_mixin.py:188} WARNING - Calculating Metrics: 100%|##########| 62/62 [00:00<00:00, 1016.74it/s]
[2025-07-19T22:32:01.646+0000] {logging_mixin.py:188} WARNING - Calculating Metrics: 100%|##########| 62/62 [00:00<00:00, 950.58it/s] 
[2025-07-19T22:32:01.646+0000] {logging_mixin.py:188} WARNING - Calculating Metrics: 100%|##########| 62/62 [00:00<00:00, 948.67it/s]
[2025-07-19T22:32:01.646+0000] {logging_mixin.py:188} WARNING - Calculating Metrics: 100%|##########| 62/62 [00:00<00:00, 946.40it/s]
[2025-07-19T22:32:01.800+0000] {taskinstance.py:2698} ERROR - Task failed with exception
Traceback (most recent call last):
  File "/home/airflow/.local/lib/python3.8/site-packages/airflow/models/taskinstance.py", line 433, in _execute_task
    result = execute_callable(context=context, **execute_callable_kwargs)
  File "/home/airflow/.local/lib/python3.8/site-packages/airflow/decorators/base.py", line 241, in execute
    return_value = super().execute(context)
  File "/home/airflow/.local/lib/python3.8/site-packages/airflow/operators/python.py", line 199, in execute
    return_value = self.execute_callable()
  File "/home/airflow/.local/lib/python3.8/site-packages/airflow/operators/python.py", line 216, in execute_callable
    return self.python_callable(*self.op_args, **self.op_kwargs)
  File "/opt/airflow/dags/build_ml_features_dag.py", line 114, in validate_features
    raise ValueError("❌ Feature DQ checks failed")
ValueError: ❌ Feature DQ checks failed
[2025-07-19T22:32:01.806+0000] {taskinstance.py:1138} INFO - Marking task as FAILED. dag_id=build_ml_features, task_id=validate_features, execution_date=20250719T222653, start_date=20250719T223201, end_date=20250719T223201
[2025-07-19T22:32:01.813+0000] {standard_task_runner.py:107} ERROR - Failed to execute job 190 for task validate_features (❌ Feature DQ checks failed; 382)
[2025-07-19T22:32:01.856+0000] {local_task_job_runner.py:234} INFO - Task exited with return code 1
[2025-07-19T22:32:01.866+0000] {taskinstance.py:3280} INFO - 0 downstream tasks scheduled from follow-on schedule check
