[2025-07-19T22:46:38.804+0000] {taskinstance.py:1956} INFO - Dependencies all met for dep_context=non-requeueable deps ti=<TaskInstance: build_ml_features.publish_docs manual__2025-07-19T22:36:26.762209+00:00 [queued]>
[2025-07-19T22:46:38.807+0000] {taskinstance.py:1956} INFO - Dependencies all met for dep_context=requeueable deps ti=<TaskInstance: build_ml_features.publish_docs manual__2025-07-19T22:36:26.762209+00:00 [queued]>
[2025-07-19T22:46:38.807+0000] {taskinstance.py:2170} INFO - Starting attempt 2 of 2
[2025-07-19T22:46:38.811+0000] {taskinstance.py:2191} INFO - Executing <Task(_PythonDecoratedOperator): publish_docs> on 2025-07-19 22:36:26.762209+00:00
[2025-07-19T22:46:38.815+0000] {standard_task_runner.py:60} INFO - Started process 762 to run task
[2025-07-19T22:46:38.817+0000] {standard_task_runner.py:87} INFO - Running: ['***', 'tasks', 'run', 'build_ml_features', 'publish_docs', 'manual__2025-07-19T22:36:26.762209+00:00', '--job-id', '196', '--raw', '--subdir', 'DAGS_FOLDER/build_ml_features_dag.py', '--cfg-path', '/tmp/tmpgpabdd87']
[2025-07-19T22:46:38.818+0000] {standard_task_runner.py:88} INFO - Job 196: Subtask publish_docs
[2025-07-19T22:46:38.840+0000] {task_command.py:423} INFO - Running <TaskInstance: build_ml_features.publish_docs manual__2025-07-19T22:36:26.762209+00:00 [running]> on host bc2a27ae9be1
[2025-07-19T22:46:38.867+0000] {taskinstance.py:2480} INFO - Exporting env vars: AIRFLOW_CTX_DAG_OWNER='data-platform' AIRFLOW_CTX_DAG_ID='build_ml_features' AIRFLOW_CTX_TASK_ID='publish_docs' AIRFLOW_CTX_EXECUTION_DATE='2025-07-19T22:36:26.762209+00:00' AIRFLOW_CTX_TRY_NUMBER='2' AIRFLOW_CTX_DAG_RUN_ID='manual__2025-07-19T22:36:26.762209+00:00'
[2025-07-19T22:46:38.876+0000] {taskinstance.py:2698} ERROR - Task failed with exception
Traceback (most recent call last):
  File "/home/airflow/.local/lib/python3.8/site-packages/airflow/models/taskinstance.py", line 433, in _execute_task
    result = execute_callable(context=context, **execute_callable_kwargs)
  File "/home/airflow/.local/lib/python3.8/site-packages/airflow/decorators/base.py", line 241, in execute
    return_value = super().execute(context)
  File "/home/airflow/.local/lib/python3.8/site-packages/airflow/operators/python.py", line 199, in execute
    return_value = self.execute_callable()
  File "/home/airflow/.local/lib/python3.8/site-packages/airflow/operators/python.py", line 216, in execute_callable
    return self.python_callable(*self.op_args, **self.op_kwargs)
  File "/opt/airflow/dags/build_ml_features_dag.py", line 130, in publish_docs
    for html_file in Path(local_site_path).rglob("*"):
  File "/usr/local/lib/python3.8/pathlib.py", line 1042, in __new__
    self = cls._from_parts(args, init=False)
  File "/usr/local/lib/python3.8/pathlib.py", line 683, in _from_parts
    drv, root, parts = self._parse_args(args)
  File "/usr/local/lib/python3.8/pathlib.py", line 667, in _parse_args
    a = os.fspath(a)
TypeError: expected str, bytes or os.PathLike object, not NoneType
[2025-07-19T22:46:38.880+0000] {taskinstance.py:1138} INFO - Marking task as FAILED. dag_id=build_ml_features, task_id=publish_docs, execution_date=20250719T223626, start_date=20250719T224638, end_date=20250719T224638
[2025-07-19T22:46:38.884+0000] {standard_task_runner.py:107} ERROR - Failed to execute job 196 for task publish_docs (expected str, bytes or os.PathLike object, not NoneType; 762)
[2025-07-19T22:46:38.917+0000] {local_task_job_runner.py:234} INFO - Task exited with return code 1
[2025-07-19T22:46:38.926+0000] {taskinstance.py:3280} INFO - 0 downstream tasks scheduled from follow-on schedule check
